2024-12-20T10:09:24.853Z info: Received GET request for: /
2024-12-20T10:09:29.529Z info: Received GET request for: /_next/static/css/app/layout.css?v=1734689369295
2024-12-20T10:09:29.535Z info: Received GET request for: /_next/static/chunks/webpack.js?v=1734689369295
2024-12-20T10:09:29.616Z info: Received GET request for: /_next/static/chunks/main-app.js?v=1734689369295
2024-12-20T10:09:29.622Z info: Received GET request for: /_next/static/chunks/app-pages-internals.js
2024-12-20T10:09:29.628Z info: Received GET request for: /_next/static/chunks/app/page.js
2024-12-20T10:09:30.893Z info: Received GET request for: /api/users
2024-12-20T10:10:12.569Z info: Received GET request for: /api/users
2024-12-20T10:11:02.951Z info: Received GET request for: /api/users/2
2024-12-20T10:11:17.903Z info: Received GET request for: /api/users/2
2024-12-20T10:11:18.172Z info: Received GET request for: /favicon.ico
2024-12-20T10:12:22.026Z info: Received GET request for: /api/users/2
2024-12-20T10:12:22.297Z info: Received GET request for: /favicon.ico
2024-12-21T06:38:32.172Z info: Received GET request for: /
2024-12-21T06:38:36.999Z info: Received GET request for: /_next/static/css/app/layout.css?v=1734763116792
2024-12-21T06:38:37.004Z info: Received GET request for: /_next/static/chunks/webpack.js?v=1734763116792
2024-12-21T06:38:37.109Z info: Received GET request for: /_next/static/chunks/main-app.js?v=1734763116792
2024-12-21T06:38:37.111Z info: Received GET request for: /_next/static/chunks/app-pages-internals.js
2024-12-21T06:38:37.112Z info: Received GET request for: /_next/static/chunks/app/page.js
2024-12-21T06:38:38.054Z info: Received GET request for: /favicon.ico
2024-12-21T06:38:38.143Z info: Received GET request for: /api/users
2024-12-21T06:39:09.996Z info: Received GET request for: /
2024-12-21T06:39:16.046Z info: Received GET request for: /
2024-12-21T06:39:40.480Z info: Received GET request for: /
2024-12-21T06:41:28.878Z info: Received GET request for: /
2024-12-21T06:41:44.401Z info: Received POST request for: /
2024-12-21T06:43:31.335Z info: Received POST request for: /
2024-12-21T06:43:39.894Z info: Received POST request for: /
2024-12-21T06:44:27.440Z info: Received POST request for: /
2024-12-21T06:44:32.031Z info: Received POST request for: /
2024-12-21T06:45:40.340Z info: Received GET request for: /
2024-12-21T06:45:40.452Z info: Received GET request for: /_next/static/css/app/layout.css?v=1734763540363
2024-12-21T06:45:40.454Z info: Received GET request for: /_next/static/chunks/webpack.js?v=1734763540363
2024-12-21T06:45:40.487Z info: Received GET request for: /_next/static/chunks/main-app.js?v=1734763540363
2024-12-21T06:45:40.490Z info: Received GET request for: /_next/static/chunks/app-pages-internals.js
2024-12-21T06:45:40.492Z info: Received GET request for: /_next/static/chunks/app/page.js
2024-12-21T06:45:40.971Z info: Received GET request for: /favicon.ico
2024-12-21T06:45:41.108Z info: Received GET request for: /api/users
2024-12-21T06:48:36.726Z info: Received POST request for: /
2024-12-21T06:49:14.468Z info: Received POST request for: /
2024-12-21T06:49:39.503Z info: Received GET request for: /
2024-12-21T06:49:40.742Z info: Received GET request for: /_next/static/css/app/layout.css?v=1734763780554
2024-12-21T06:49:40.747Z info: Received GET request for: /_next/static/chunks/webpack.js?v=1734763780554
2024-12-21T06:49:40.776Z info: Received GET request for: /_next/static/chunks/main-app.js?v=1734763780554
2024-12-21T06:49:40.778Z info: Received GET request for: /_next/static/chunks/app-pages-internals.js
2024-12-21T06:49:40.780Z info: Received GET request for: /_next/static/chunks/app/page.js
2024-12-21T06:49:41.389Z info: Received GET request for: /favicon.ico
2024-12-21T06:49:41.434Z info: Received GET request for: /api/users
2024-12-21T06:52:14.058Z info: Received GET request for: /
2024-12-21T06:52:15.471Z info: Received GET request for: /_next/static/css/app/layout.css?v=1734763935275
2024-12-21T06:52:15.495Z info: Received GET request for: /_next/static/chunks/webpack.js?v=1734763935275
2024-12-21T06:52:15.516Z info: Received GET request for: /_next/static/chunks/main-app.js?v=1734763935275
2024-12-21T06:52:15.518Z info: Received GET request for: /_next/static/chunks/app-pages-internals.js
2024-12-21T06:52:15.521Z info: Received GET request for: /_next/static/chunks/app/page.js
2024-12-21T06:52:16.362Z info: Received GET request for: /favicon.ico
2024-12-21T06:52:16.416Z info: Received GET request for: /
2024-12-21T06:52:16.418Z info: Received GET request for: /api/users
2024-12-21T06:52:24.504Z info: Received GET request for: /_next/static/css/app/layout.css?v=1734763935275
2024-12-22T09:11:05.577Z info: Received GET request for: /
2024-12-22T09:11:08.719Z info: Received GET request for: /_next/static/css/app/layout.css?v=1734858668454
2024-12-22T09:11:08.726Z info: Received GET request for: /_next/static/chunks/webpack.js?v=1734858668454
2024-12-22T09:11:08.991Z info: Received GET request for: /_next/static/chunks/main-app.js?v=1734858668454
2024-12-22T09:11:08.993Z info: Received GET request for: /_next/static/chunks/app-pages-internals.js
2024-12-22T09:11:09.004Z info: Received GET request for: /_next/static/chunks/app/page.js
2024-12-22T09:11:10.793Z info: Received GET request for: /favicon.ico
2024-12-22T09:11:10.913Z info: Received GET request for: /
2024-12-22T09:11:10.919Z info: Received GET request for: /api/users
2024-12-22T09:11:44.268Z info: Received GET request for: /api/users
2024-12-22T09:44:09.267Z info: Received GET request for: /api/users
2024-12-22T09:44:58.688Z info: Received GET request for: /api/users
2024-12-22T10:07:04.881Z info: Received GET request for: /api/users
2024-12-22T10:09:31.104Z info: Received GET request for: /api/users/1
2024-12-22T10:11:53.311Z info: Received POST request for: /
2024-12-22T10:12:00.585Z info: Received POST request for: /api/users
2024-12-22T10:12:11.141Z info: Received GET request for: /api/users/4
2024-12-22T10:14:25.131Z info: Received PUT request for: /api/users/4
2024-12-22T10:14:42.848Z info: Received PUT request for: /api/users/2
2024-12-22T10:14:52.325Z info: Received GET request for: /api/users
2024-12-22T10:16:18.752Z info: Received PATCH request for: /api/users/4
2024-12-22T10:16:21.144Z info: Received PATCH request for: /api/users/3
2024-12-22T10:16:45.788Z info: Received PATCH request for: /api/users/3
2024-12-22T10:16:50.105Z info: Received GET request for: /api/users
2024-12-22T15:57:06.784Z info: Received GET request for: /api/users
2024-12-22T15:57:13.576Z info: Received GET request for: /
2024-12-22T15:58:24.508Z info: Received GET request for: /
2024-12-22T16:07:59.107Z info: Received GET request for: /api/users
2024-12-22T16:11:56.780Z info: Received GET request for: /
2024-12-22T16:12:16.951Z info: Received GET request for: /api/users
2024-12-22T16:17:22.884Z info: Received GET request for: /api/users
2024-12-22T16:17:41.084Z info: Received GET request for: /
2024-12-22T16:17:41.428Z info: Received GET request for: /favicon.ico
2024-12-22T16:17:45.863Z info: Received GET request for: /api/users
2024-12-22T16:23:20.107Z info: Received GET request for: /api/users
2024-12-22T16:23:20.482Z info: Received GET request for: /favicon.ico
2024-12-22T16:23:45.384Z info: Received GET request for: /api/users
2024-12-22T16:23:45.696Z info: Received GET request for: /favicon.ico
2024-12-22T16:24:47.505Z info: Received GET request for: /api/users/1
2024-12-22T16:24:54.031Z info: Received GET request for: /api/users
2024-12-22T16:25:01.340Z info: Received GET request for: /api/users
2024-12-22T16:25:42.218Z info: Received GET request for: /
2024-12-22T16:26:59.066Z info: Received GET request for: /
2024-12-22T16:27:19.273Z info: Received GET request for: /api/users
2024-12-22T16:30:41.680Z info: Received GET request for: /
2024-12-22T16:30:53.795Z info: Received GET request for: /api/users
2024-12-23T14:21:58.727Z info: Received GET request for: /api/users
2024-12-23T14:26:11.448Z info: Received GET request for: /api/users
2024-12-23T14:38:29.196Z info: Received GET request for: /api/users
2024-12-23T14:38:29.520Z info: Received GET request for: /favicon.ico
2024-12-23T14:39:22.812Z info: Received GET request for: /
2024-12-23T14:39:28.809Z info: Received GET request for: /api/users
2024-12-23T14:40:56.909Z info: Received GET request for: /api/users
2024-12-23T14:42:14.838Z info: Received GET request for: /api/users
2024-12-23T14:42:17.476Z info: Received GET request for: /api/users
2024-12-23T14:42:39.479Z info: Received GET request for: /api/users
2024-12-23T14:42:43.689Z info: Received GET request for: /
2024-12-23T14:42:44.286Z info: Received GET request for: /favicon.ico
2024-12-23T14:42:48.219Z info: Received GET request for: /api/users
2024-12-23T14:43:11.025Z info: Received GET request for: /api/users
2024-12-23T14:43:11.243Z info: Received GET request for: /favicon.ico
2024-12-23T14:44:08.928Z info: Received GET request for: /api/users
2024-12-23T14:44:09.214Z info: Received GET request for: /favicon.ico
2024-12-23T14:47:14.226Z info: Received GET request for: /api/users
2024-12-23T14:47:14.533Z info: Received GET request for: /favicon.ico
2024-12-23T14:52:24.870Z info: Received GET request for: /api/users
2024-12-23T14:52:25.171Z info: Received GET request for: /favicon.ico
